<?xml version="1.0" encoding="UTF-8"?>
<!-- Generated by org.testng.reporters.JUnitXMLReporter -->
<testsuite ignored="0" hostname="LAPTOP-C8TROP6N" failures="0" tests="3" name="Default test" time="31.809" errors="0" timestamp="2023-11-19T19:41:33 CST">
  <testcase classname="final_test.Prueba" name="invocarNavegador" time="2.818"/>
  <testcase classname="final_test.Prueba" name="verificarLoginAseisNew" time="0.278"/>
  <testcase classname="final_test.Prueba" name="editar" time="28.674"/>
</testsuite> <!-- Default test -->
